Watching for file changes with StatReloader
Exception in thread django-main-thread:
Traceback (most recent call last):
  File "/Users/ayishathulhiba/Desktop/Hiba 2/SpendSense/venv/lib/python3.10/site-packages/django/db/backends/base/base.py", line 279, in ensure_connection
    self.connect()
  File "/Users/ayishathulhiba/Desktop/Hiba 2/SpendSense/venv/lib/python3.10/site-packages/django/utils/asyncio.py", line 26, in inner
    return func(*args, **kwargs)
  File "/Users/ayishathulhiba/Desktop/Hiba 2/SpendSense/venv/lib/python3.10/site-packages/django/db/backends/base/base.py", line 256, in connect
    self.connection = self.get_new_connection(conn_params)
  File "/Users/ayishathulhiba/Desktop/Hiba 2/SpendSense/venv/lib/python3.10/site-packages/django/utils/asyncio.py", line 26, in inner
    return func(*args, **kwargs)
  File "/Users/ayishathulhiba/Desktop/Hiba 2/SpendSense/venv/lib/python3.10/site-packages/django/db/backends/mysql/base.py", line 256, in get_new_connection
    connection = Database.connect(**conn_params)
  File "/Users/ayishathulhiba/Desktop/Hiba 2/SpendSense/venv/lib/python3.10/site-packages/pymysql/connections.py", line 365, in __init__
    self.connect()
  File "/Users/ayishathulhiba/Desktop/Hiba 2/SpendSense/venv/lib/python3.10/site-packages/pymysql/connections.py", line 681, in connect
    self._request_authentication()
  File "/Users/ayishathulhiba/Desktop/Hiba 2/SpendSense/venv/lib/python3.10/site-packages/pymysql/connections.py", line 980, in _request_authentication
    auth_packet = _auth.caching_sha2_password_auth(self, auth_packet)
  File "/Users/ayishathulhiba/Desktop/Hiba 2/SpendSense/venv/lib/python3.10/site-packages/pymysql/_auth.py", line 245, in caching_sha2_password_auth
    pkt = conn._read_packet()
  File "/Users/ayishathulhiba/Desktop/Hiba 2/SpendSense/venv/lib/python3.10/site-packages/pymysql/connections.py", line 782, in _read_packet
    packet.raise_for_error()
  File "/Users/ayishathulhiba/Desktop/Hiba 2/SpendSense/venv/lib/python3.10/site-packages/pymysql/protocol.py", line 219, in raise_for_error
    err.raise_mysql_exception(self._data)
  File "/Users/ayishathulhiba/Desktop/Hiba 2/SpendSense/venv/lib/python3.10/site-packages/pymysql/err.py", line 150, in raise_mysql_exception
    raise errorclass(errno, errval)
pymysql.err.OperationalError: (1049, "Unknown database 'spendsense_db'")

The above exception was the direct cause of the following exception:

Traceback (most recent call last):
  File "/Library/Frameworks/Python.framework/Versions/3.10/lib/python3.10/threading.py", line 1016, in _bootstrap_inner
    self.run()
  File "/Library/Frameworks/Python.framework/Versions/3.10/lib/python3.10/threading.py", line 953, in run
    self._target(*self._args, **self._kwargs)
  File "/Users/ayishathulhiba/Desktop/Hiba 2/SpendSense/venv/lib/python3.10/site-packages/django/utils/autoreload.py", line 64, in wrapper
    fn(*args, **kwargs)
  File "/Users/ayishathulhiba/Desktop/Hiba 2/SpendSense/venv/lib/python3.10/site-packages/django/core/management/commands/runserver.py", line 137, in inner_run
    self.check_migrations()
  File "/Users/ayishathulhiba/Desktop/Hiba 2/SpendSense/venv/lib/python3.10/site-packages/django/core/management/base.py", line 587, in check_migrations
    executor = MigrationExecutor(connections[DEFAULT_DB_ALIAS])
  File "/Users/ayishathulhiba/Desktop/Hiba 2/SpendSense/venv/lib/python3.10/site-packages/django/db/migrations/executor.py", line 18, in __init__
    self.loader = MigrationLoader(self.connection)
  File "/Users/ayishathulhiba/Desktop/Hiba 2/SpendSense/venv/lib/python3.10/site-packages/django/db/migrations/loader.py", line 58, in __init__
    self.build_graph()
  File "/Users/ayishathulhiba/Desktop/Hiba 2/SpendSense/venv/lib/python3.10/site-packages/django/db/migrations/loader.py", line 235, in build_graph
    self.applied_migrations = recorder.applied_migrations()
  File "/Users/ayishathulhiba/Desktop/Hiba 2/SpendSense/venv/lib/python3.10/site-packages/django/db/migrations/recorder.py", line 89, in applied_migrations
    if self.has_table():
  File "/Users/ayishathulhiba/Desktop/Hiba 2/SpendSense/venv/lib/python3.10/site-packages/django/db/migrations/recorder.py", line 63, in has_table
    with self.connection.cursor() as cursor:
  File "/Users/ayishathulhiba/Desktop/Hiba 2/SpendSense/venv/lib/python3.10/site-packages/django/utils/asyncio.py", line 26, in inner
    return func(*args, **kwargs)
  File "/Users/ayishathulhiba/Desktop/Hiba 2/SpendSense/venv/lib/python3.10/site-packages/django/db/backends/base/base.py", line 320, in cursor
    return self._cursor()
  File "/Users/ayishathulhiba/Desktop/Hiba 2/SpendSense/venv/lib/python3.10/site-packages/django/db/backends/base/base.py", line 296, in _cursor
    self.ensure_connection()
  File "/Users/ayishathulhiba/Desktop/Hiba 2/SpendSense/venv/lib/python3.10/site-packages/django/utils/asyncio.py", line 26, in inner
    return func(*args, **kwargs)
  File "/Users/ayishathulhiba/Desktop/Hiba 2/SpendSense/venv/lib/python3.10/site-packages/django/db/backends/base/base.py", line 278, in ensure_connection
    with self.wrap_database_errors:
  File "/Users/ayishathulhiba/Desktop/Hiba 2/SpendSense/venv/lib/python3.10/site-packages/django/db/utils.py", line 91, in __exit__
    raise dj_exc_value.with_traceback(traceback) from exc_value
  File "/Users/ayishathulhiba/Desktop/Hiba 2/SpendSense/venv/lib/python3.10/site-packages/django/db/backends/base/base.py", line 279, in ensure_connection
    self.connect()
  File "/Users/ayishathulhiba/Desktop/Hiba 2/SpendSense/venv/lib/python3.10/site-packages/django/utils/asyncio.py", line 26, in inner
    return func(*args, **kwargs)
  File "/Users/ayishathulhiba/Desktop/Hiba 2/SpendSense/venv/lib/python3.10/site-packages/django/db/backends/base/base.py", line 256, in connect
    self.connection = self.get_new_connection(conn_params)
  File "/Users/ayishathulhiba/Desktop/Hiba 2/SpendSense/venv/lib/python3.10/site-packages/django/utils/asyncio.py", line 26, in inner
    return func(*args, **kwargs)
  File "/Users/ayishathulhiba/Desktop/Hiba 2/SpendSense/venv/lib/python3.10/site-packages/django/db/backends/mysql/base.py", line 256, in get_new_connection
    connection = Database.connect(**conn_params)
  File "/Users/ayishathulhiba/Desktop/Hiba 2/SpendSense/venv/lib/python3.10/site-packages/pymysql/connections.py", line 365, in __init__
    self.connect()
  File "/Users/ayishathulhiba/Desktop/Hiba 2/SpendSense/venv/lib/python3.10/site-packages/pymysql/connections.py", line 681, in connect
    self._request_authentication()
  File "/Users/ayishathulhiba/Desktop/Hiba 2/SpendSense/venv/lib/python3.10/site-packages/pymysql/connections.py", line 980, in _request_authentication
    auth_packet = _auth.caching_sha2_password_auth(self, auth_packet)
  File "/Users/ayishathulhiba/Desktop/Hiba 2/SpendSense/venv/lib/python3.10/site-packages/pymysql/_auth.py", line 245, in caching_sha2_password_auth
    pkt = conn._read_packet()
  File "/Users/ayishathulhiba/Desktop/Hiba 2/SpendSense/venv/lib/python3.10/site-packages/pymysql/connections.py", line 782, in _read_packet
    packet.raise_for_error()
  File "/Users/ayishathulhiba/Desktop/Hiba 2/SpendSense/venv/lib/python3.10/site-packages/pymysql/protocol.py", line 219, in raise_for_error
    err.raise_mysql_exception(self._data)
  File "/Users/ayishathulhiba/Desktop/Hiba 2/SpendSense/venv/lib/python3.10/site-packages/pymysql/err.py", line 150, in raise_mysql_exception
    raise errorclass(errno, errval)
django.db.utils.OperationalError: (1049, "Unknown database 'spendsense_db'")
